<?xml version="1.0" encoding="UTF-8"?>
<testng-results ignored="0" total="1" passed="1" failed="0" skipped="0">
  <reporter-output>
  </reporter-output>
  <suite started-at="2025-12-15T10:09:11 GMT+03:00" name="Default suite" finished-at="2025-12-15T10:09:34 GMT+03:00" duration-ms="23472">
    <groups>
    </groups>
    <test started-at="2025-12-15T10:09:11 GMT+03:00" name="Default test" finished-at="2025-12-15T10:09:34 GMT+03:00" duration-ms="23472">
      <class name="Load24Package.LoginPageTestCases">
        <test-method is-config="true" signature="Setup()[pri:0, instance:Load24Package.LoginPageTestCases@39fcbef6]" started-at="2025-12-15T10:09:11 GMT+03:00" name="Setup" finished-at="2025-12-15T10:09:12 GMT+03:00" duration-ms="617" status="PASS">
          <reporter-output>
          </reporter-output>
        </test-method> <!-- Setup -->
        <test-method signature="LoginPage()[pri:0, instance:Load24Package.LoginPageTestCases@39fcbef6]" started-at="2025-12-15T10:09:12 GMT+03:00" name="LoginPage" finished-at="2025-12-15T10:09:34 GMT+03:00" duration-ms="22691" status="PASS">
          <reporter-output>
          </reporter-output>
        </test-method> <!-- LoginPage -->
        <test-method is-config="true" signature="CloseWebsite()[pri:0, instance:Load24Package.LoginPageTestCases@39fcbef6]" started-at="2025-12-15T10:09:34 GMT+03:00" name="CloseWebsite" finished-at="2025-12-15T10:09:34 GMT+03:00" duration-ms="111" status="PASS">
          <reporter-output>
          </reporter-output>
        </test-method> <!-- CloseWebsite -->
      </class> <!-- Load24Package.LoginPageTestCases -->
    </test> <!-- Default test -->
  </suite> <!-- Default suite -->
</testng-results>
